/*C42*/SET SCHEMA PUBLIC
DISCONNECT
/*C43*/SET SCHEMA PUBLIC
INSERT INTO ARTISTE VALUES(6,25563,'KKKKKKK')
INSERT INTO ALBUM VALUES(11,3333,'xx',6)
COMMIT
DISCONNECT
/*C44*/SET SCHEMA PUBLIC
DISCONNECT
/*C45*/SET SCHEMA PUBLIC
INSERT INTO ARTISTE VALUES(7,25154,'eerrr')
INSERT INTO ALBUM VALUES(13,259588,'qdcdl,dsv',7)
COMMIT
DISCONNECT
/*C46*/SET SCHEMA PUBLIC
DISCONNECT
/*C47*/SET SCHEMA PUBLIC
DISCONNECT
/*C48*/SET SCHEMA PUBLIC
DISCONNECT
/*C49*/SET SCHEMA PUBLIC
INSERT INTO ALBUM VALUES(14,343,'hello',2)
COMMIT
